build/app/outputs/mapping/release/seeds.txt
androidx.window.embedding.MatcherUtils: boolean areActivityOrIntentComponentsMatching$window_release(android.app.Activity,android.content.ComponentName)
io.flutter.view.AccessibilityBridge$TextDirection: io.flutter.view.AccessibilityBridge$TextDirection[] values()
androidx.window.layout.SidecarWindowBackend: void callbackRemovedForActivity(android.app.Activity)
androidx.window.java.layout.WindowInfoTrackerCallbackAdapter: void addListener(java.util.concurrent.Executor,androidx.core.util.Consumer,kotlinx.coroutines.flow.Flow)
androidx.core.graphics.drawable.IconCompatParcelizer: void write(androidx.core.graphics.drawable.IconCompat,androidx.versionedparcelable.VersionedParcel)
io.flutter.plugin.editing.ImeSyncDeferringInsetsCallback: boolean access$200(io.flutter.plugin.editing.ImeSyncDeferringInsetsCallback)
androidx.window.layout.FoldingFeature$State: FoldingFeature$State(java.lang.String)
androidx.window.embedding.SplitController$Companion: SplitController$Companion(kotlin.jvm.internal.DefaultConstructorMarker)
io.flutter.embedding.engine.FlutterJNI: void cleanupMessageData(long)
io.flutter.embedding.android.FlutterSplashView$SavedState: android.os.Bundle access$700(io.flutter.embedding.android.FlutterSplashView$SavedState)
androidx.window.embedding.ExtensionEmbeddingBackend$Companion: ExtensionEmbeddingBackend$Companion(kotlin.jvm.internal.DefaultConstructorMarker)
androidx.core.app.RemoteActionCompatParcelizer: void write(androidx.core.app.RemoteActionCompat,androidx.versionedparcelable.VersionedParcel)
io.flutter.embedding.engine.FlutterJNI: void updateJavaAssetManager(android.content.res.AssetManager,java.lang.String)
androidx.window.layout.HardwareFoldingFeature$Type: androidx.window.layout.HardwareFoldingFeature$Type access$getFOLD$cp()
androidx.window.layout.SidecarAdapter: java.util.List translate(java.util.List,androidx.window.sidecar.SidecarDeviceState)
kotlin.coroutines.jvm.internal.SuspendLambda: SuspendLambda(int,kotlin.coroutines.Continuation)
io.flutter.plugin.editing.ImeSyncDeferringInsetsCallback: int access$100(io.flutter.plugin.editing.ImeSyncDeferringInsetsCallback)
io.flutter.embedding.engine.renderer.SurfaceTextureWrapper: android.graphics.SurfaceTexture surfaceTexture()
kotlinx.coroutines.CoroutineStart: kotlinx.coroutines.CoroutineStart valueOf(java.lang.String)
io.flutter.embedding.engine.FlutterJNI: long performNativeAttach(io.flutter.embedding.engine.FlutterJNI)
io.flutter.plugin.editing.ImeSyncDeferringInsetsCallback: void install()
io.flutter.embedding.engine.FlutterJNI: void nativeDeferredComponentInstallFailure(int,java.lang.String,boolean)
androidx.window.core.Bounds: int getHeight()
io.flutter.embedding.engine.FlutterJNI: void prefetchDefaultFontManager()
androidx.window.embedding.ActivityFilter: boolean matchesIntent(android.content.Intent)
io.flutter.embedding.engine.renderer.SurfaceTextureWrapper: SurfaceTextureWrapper(android.graphics.SurfaceTexture,java.lang.Runnable)
io.flutter.embedding.engine.FlutterJNI: void onSurfaceChanged(int,int)
androidx.window.layout.FoldingFeature$OcclusionType: java.lang.String toString()
androidx.window.embedding.EmbeddingAdapter: EmbeddingAdapter()
androidx.window.layout.SidecarWindowBackend$WindowLayoutChangeCallbackWrapper: SidecarWindowBackend$WindowLayoutChangeCallbackWrapper(android.app.Activity,java.util.concurrent.Executor,androidx.core.util.Consumer)
androidx.window.embedding.SplitPairRule: androidx.window.embedding.SplitPairRule plus$window_release(androidx.window.embedding.SplitPairFilter)
androidx.window.embedding.SplitPairRule: boolean equals(java.lang.Object)
androidx.window.embedding.SplitRuleParser: java.util.Set parseSplitRules$window_release(android.content.Context,int)
androidx.window.embedding.EmbeddingAdapter: boolean translateIntentPredicates$lambda-8(java.util.Set,android.content.Intent)
io.flutter.embedding.engine.FlutterJNI: void removeIsDisplayingFlutterUiListener(io.flutter.embedding.engine.renderer.FlutterUiDisplayListener)