build/app/outputs/mapping/release/mapping.txt
# compiler: R8
# compiler_version: 3.1.66
# min_api: 16
# pg_map_id: 7637f0a
# common_typos_disable
# {"id":"com.android.tools.r8.mapping","version":"1.0"}
...
kotlinx.coroutines.scheduling.DefaultScheduler -> kotlinx.coroutines.scheduling.c:
    kotlinx.coroutines.scheduling.DefaultScheduler INSTANCE -> k
kotlinx.coroutines.scheduling.GlobalQueue -> kotlinx.coroutines.scheduling.d:
kotlinx.coroutines.scheduling.NanoTimeSource -> kotlinx.coroutines.scheduling.e:
    kotlinx.coroutines.scheduling.NanoTimeSource INSTANCE -> a
    long nanoTime() -> a
kotlinx.coroutines.scheduling.SchedulerCoroutineDispatcher -> kotlinx.coroutines.scheduling.f:
    java.lang.String schedulerName -> i
    long idleWorkerKeepAliveNs -> h
    kotlinx.coroutines.scheduling.CoroutineScheduler coroutineScheduler -> j
    int corePoolSize -> f
    int maxPoolSize -> g
    void dispatch(kotlin.coroutines.CoroutineContext,java.lang.Runnable) -> d
    kotlinx.coroutines.scheduling.CoroutineScheduler createScheduler() -> p
    void dispatchWithContext$kotlinx_coroutines_core(java.lang.Runnable,kotlinx.coroutines.scheduling.TaskContext,boolean) -> q
kotlinx.coroutines.scheduling.SchedulerTimeSource -> kotlinx.coroutines.scheduling.g:
    long nanoTime() -> a
kotlinx.coroutines.scheduling.Task -> kotlinx.coroutines.scheduling.h:
    kotlinx.coroutines.scheduling.TaskContext taskContext -> e
    long submissionTime -> d
kotlinx.coroutines.scheduling.TaskContext -> kotlinx.coroutines.scheduling.i:
    int getTaskMode() -> a
    void afterTask() -> b
kotlinx.coroutines.scheduling.TaskContextImpl -> kotlinx.coroutines.scheduling.j:
    int taskMode -> a
    int getTaskMode() -> a
    void afterTask() -> b
kotlinx.coroutines.scheduling.TaskImpl -> kotlinx.coroutines.scheduling.k:
    java.lang.Runnable block -> f
kotlinx.coroutines.scheduling.TasksKt -> kotlinx.coroutines.scheduling.l:
    kotlinx.coroutines.scheduling.TaskContext BlockingContext -> g
    kotlinx.coroutines.scheduling.SchedulerTimeSource schedulerTimeSource -> e
    kotlinx.coroutines.scheduling.TaskContext NonBlockingContext -> f
    long WORK_STEALING_TIME_RESOLUTION_NS -> a
    long IDLE_WORKER_KEEP_ALIVE_NS -> d
    int CORE_POOL_SIZE -> b
    int MAX_POOL_SIZE -> c
kotlinx.coroutines.scheduling.UnlimitedIoScheduler -> kotlinx.coroutines.scheduling.m:
    kotlinx.coroutines.scheduling.UnlimitedIoScheduler INSTANCE -> e
    void dispatch(kotlin.coroutines.CoroutineContext,java.lang.Runnable) -> d
kotlinx.coroutines.scheduling.WorkQueue -> kotlinx.coroutines.scheduling.n:
    java.util.concurrent.atomic.AtomicReferenceFieldUpdater lastScheduledTask$FU -> b
    java.util.concurrent.atomic.AtomicIntegerFieldUpdater blockingTasksInBuffer$FU -> e
    java.util.concurrent.atomic.AtomicIntegerFieldUpdater consumerIndex$FU -> d
    java.util.concurrent.atomic.AtomicIntegerFieldUpdater producerIndex$FU -> c
    java.util.concurrent.atomic.AtomicReferenceArray buffer -> a
    kotlinx.coroutines.scheduling.Task add(kotlinx.coroutines.scheduling.Task,boolean) -> a
    kotlinx.coroutines.scheduling.Task add$default(kotlinx.coroutines.scheduling.WorkQueue,kotlinx.coroutines.scheduling.Task,boolean,int,java.lang.Object) -> b
    kotlinx.coroutines.scheduling.Task addLast(kotlinx.coroutines.scheduling.Task) -> c
    void decrementIfBlocking(kotlinx.coroutines.scheduling.Task) -> d
    int getBufferSize$kotlinx_coroutines_core() -> e
    int getSize$kotlinx_coroutines_core() -> f
    void offloadAllWorkTo(kotlinx.coroutines.scheduling.GlobalQueue) -> g
    kotlinx.coroutines.scheduling.Task poll() -> h
    kotlinx.coroutines.scheduling.Task pollBuffer() -> i
    boolean pollTo(kotlinx.coroutines.scheduling.GlobalQueue) -> j
    long tryStealBlockingFrom(kotlinx.coroutines.scheduling.WorkQueue) -> k
    long tryStealFrom(kotlinx.coroutines.scheduling.WorkQueue) -> l
    long tryStealLastScheduled(kotlinx.coroutines.scheduling.WorkQueue,boolean) -> m