build/app/outputs/mapping/release/usage.txt
androidx.core.widget.TintableCompoundDrawablesView
androidx.core.widget.TintableImageSourceView
androidx.customview.R$attr
androidx.customview.R$color
androidx.customview.R$dimen
androidx.customview.R$drawable
androidx.customview.R$id
androidx.customview.R$integer
androidx.customview.R$layout
androidx.customview.R$string
androidx.customview.R$style
androidx.customview.R$styleable
androidx.customview.R
androidx.customview.view.AbsSavedState$1
androidx.customview.view.AbsSavedState$2
androidx.customview.view.AbsSavedState
androidx.customview.widget.ExploreByTouchHelper$1
androidx.customview.widget.ExploreByTouchHelper$2
androidx.customview.widget.ExploreByTouchHelper$MyNodeProvider
androidx.customview.widget.ExploreByTouchHelper
androidx.customview.widget.FocusStrategy$BoundsAdapter
androidx.customview.widget.FocusStrategy$CollectionAdapter
androidx.customview.widget.FocusStrategy$SequentialComparator
androidx.customview.widget.FocusStrategy
androidx.customview.widget.ViewDragHelper$1
androidx.customview.widget.ViewDragHelper$2
androidx.customview.widget.ViewDragHelper$Callback
androidx.customview.widget.ViewDragHelper
androidx.fragment.R$attr
androidx.fragment.R$color
androidx.fragment.R$dimen
androidx.fragment.R$drawable
androidx.fragment.R$id
androidx.fragment.R$integer
androidx.fragment.R$layout
androidx.fragment.R$string
androidx.fragment.R$style
androidx.fragment.R$styleable
androidx.fragment.R
androidx.fragment.app.BackStackRecord
androidx.fragment.app.BackStackState$1
androidx.fragment.app.BackStackState
androidx.fragment.app.DialogFragment$1
androidx.fragment.app.DialogFragment
androidx.fragment.app.Fragment$1
androidx.fragment.app.Fragment$2:
    void <init>(androidx.fragment.app.Fragment)
androidx.fragment.app.Fragment$3
androidx.fragment.app.Fragment$4
androidx.fragment.app.Fragment$AnimationInfo
androidx.fragment.app.Fragment$InstantiationException
androidx.fragment.app.Fragment$OnStartEnterTransitionListener
androidx.fragment.app.Fragment$SavedState$1
androidx.fragment.app.Fragment$SavedState
androidx.fragment.app.Fragment:
    static final int ACTIVITY_CREATED
    static final int CREATED
    static final int INITIALIZING
    static final int RESUMED
    static final int STARTED
    static final java.lang.Object USE_DEFAULT_TRANSITION
    boolean mAdded
    androidx.fragment.app.Fragment$AnimationInfo mAnimationInfo
    android.os.Bundle mArguments
    int mBackStackNesting
    private boolean mCalled
    androidx.fragment.app.FragmentManagerImpl mChildFragmentManager
    android.view.ViewGroup mContainer
    int mContainerId
    private int mContentLayoutId
    boolean mDeferStart
    boolean mDetached
    int mFragmentId
    androidx.fragment.app.FragmentManagerImpl mFragmentManager
    boolean mFromLayout
    boolean mHasMenu
    boolean mHidden
    boolean mHiddenChanged
    androidx.fragment.app.FragmentHostCallback mHost
    boolean mInLayout
    android.view.View mInnerView
    boolean mIsCreated
    boolean mIsNewlyAdded
    private java.lang.Boolean mIsPrimaryNavigationFragment
    android.view.LayoutInflater mLayoutInflater
    androidx.lifecycle.LifecycleRegistry mLifecycleRegistry
    androidx.lifecycle.Lifecycle$State mMaxState
    boolean mMenuVisible
    androidx.fragment.app.Fragment mParentFragment
    boolean mPerformedCreateView
    float mPostponedAlpha
    java.lang.Runnable mPostponedDurationRunnable
    boolean mRemoving
    boolean mRestored
    boolean mRetainInstance
    boolean mRetainInstanceChangedWhileDetached
androidx.fragment.app.FragmentActivity$HostCallbacks
androidx.fragment.app.FragmentActivity
androidx.fragment.app.FragmentContainer
androidx.fragment.app.FragmentController
androidx.fragment.app.FragmentFactory
androidx.fragment.app.FragmentHostCallback
androidx.fragment.app.FragmentManager$BackStackEntry
androidx.fragment.app.FragmentManager$FragmentLifecycleCallbacks
androidx.fragment.app.FragmentManager$OnBackStackChangedListener
androidx.fragment.app.FragmentManager